<?xml version="1.0" encoding="UTF-8"?>
<!-- Generated by org.testng.reporters.JUnitReportReporter -->
<testsuite hostname="LAPTOP-PFMLSTJ4" name="Xello.features.Xello.com.TestCases" tests="1" failures="0" timestamp="19 Feb 2019 02:54:13 GMT" time="22.466" errors="0">
  <testcase name="TC10" time="22.466" classname="Xello.features.Xello.com.TestCases"/>
</testsuite> <!-- Xello.features.Xello.com.TestCases -->
